# JRE version: OpenJDK Runtime Environment (11.0.13) (build 11.0.13+0-b1751.21-8125866)
# Java VM: OpenJDK 64-Bit Server VM (11.0.13+0-b1751.21-8125866, mixed mode, tiered, compressed oops, g1 gc, windows-amd64)
Heap:
 garbage-first heap   total 177152K, used 114658K [0x00000000a0000000, 0x0000000100000000)
  region size 1024K, 10 young (10240K), 3 survivors (3072K)
 Metaspace       used 89425K, capacity 92279K, committed 92424K, reserved 1128448K
  class space    used 11719K, capacity 12738K, committed 12800K, reserved 1048576K
GC Heap History (20 events):
Event: 16.745 GC heap before
{Heap before GC invocations=30 (full 0):
 garbage-first heap   total 122880K, used 101097K [0x00000000a0000000, 0x0000000100000000)
  region size 1024K, 29 young (29696K), 4 survivors (4096K)
 Metaspace       used 75299K, capacity 77327K, committed 77576K, reserved 1116160K
  class space    used 9713K, capacity 10474K, committed 10496K, reserved 1048576K
}
Event: 16.753 GC heap after
{Heap after GC invocations=31 (full 0):
 garbage-first heap   total 147456K, used 78928K [0x00000000a0000000, 0x0000000100000000)
  region size 1024K, 4 young (4096K), 4 survivors (4096K)
 Metaspace       used 75299K, capacity 77327K, committed 77576K, reserved 1116160K
  class space    used 9713K, capacity 10474K, committed 10496K, reserved 1048576K
}
Event: 17.381 GC heap before
{Heap before GC invocations=31 (full 0):
 garbage-first heap   total 147456K, used 114768K [0x00000000a0000000, 0x0000000100000000)
  region size 1024K, 39 young (39936K), 4 survivors (4096K)
 Metaspace       used 76830K, capacity 79075K, committed 79112K, reserved 1118208K
  class space    used 9914K, capacity 10744K, committed 10752K, reserved 1048576K
}
Event: 17.390 GC heap after
{Heap after GC invocations=32 (full 0):
 garbage-first heap   total 147456K, used 81866K [0x00000000a0000000, 0x0000000100000000)
  region size 1024K, 5 young (5120K), 5 survivors (5120K)
 Metaspace       used 76830K, capacity 79075K, committed 79112K, reserved 1118208K
  class space    used 9914K, capacity 10744K, committed 10752K, reserved 1048576K
}
Event: 17.727 GC heap before
{Heap before GC invocations=33 (full 0):
 garbage-first heap   total 147456K, used 90058K [0x00000000a0000000, 0x0000000100000000)
  region size 1024K, 14 young (14336K), 5 survivors (5120K)
 Metaspace       used 77176K, capacity 79415K, committed 79752K, reserved 1118208K
  class space    used 9959K, capacity 10790K, committed 10880K, reserved 1048576K
}
Event: 17.741 GC heap after
{Heap after GC invocations=34 (full 0):
 garbage-first heap   total 147456K, used 83210K [0x00000000a0000000, 0x0000000100000000)
  region size 1024K, 2 young (2048K), 2 survivors (2048K)
 Metaspace       used 77176K, capacity 79415K, committed 79752K, reserved 1118208K
  class space    used 9959K, capacity 10790K, committed 10880K, reserved 1048576K
}
Event: 17.917 GC heap before
{Heap before GC invocations=35 (full 0):
 garbage-first heap   total 147456K, used 88330K [0x00000000a0000000, 0x0000000100000000)
  region size 1024K, 7 young (7168K), 2 survivors (2048K)
 Metaspace       used 77183K, capacity 79418K, committed 79752K, reserved 1118208K
  class space    used 9959K, capacity 10790K, committed 10880K, reserved 1048576K
}
Event: 17.923 GC heap after
{Heap after GC invocations=36 (full 0):
 garbage-first heap   total 147456K, used 87903K [0x00000000a0000000, 0x0000000100000000)
  region size 1024K, 4 young (4096K), 4 survivors (4096K)
 Metaspace       used 77183K, capacity 79418K, committed 79752K, reserved 1118208K
  class space    used 9959K, capacity 10790K, committed 10880K, reserved 1048576K
}
Event: 18.489 GC heap before
{Heap before GC invocations=37 (full 0):
 garbage-first heap   total 147456K, used 111455K [0x00000000a0000000, 0x0000000100000000)
  region size 1024K, 27 young (27648K), 4 survivors (4096K)
 Metaspace       used 78128K, capacity 80573K, committed 80648K, reserved 1120256K
  class space    used 10131K, capacity 10980K, committed 11008K, reserved 1048576K
}
Event: 18.496 GC heap after
{Heap after GC invocations=38 (full 0):
 garbage-first heap   total 177152K, used 91308K [0x00000000a0000000, 0x0000000100000000)
  region size 1024K, 4 young (4096K), 4 survivors (4096K)
 Metaspace       used 78128K, capacity 80573K, committed 80648K, reserved 1120256K
  class space    used 10131K, capacity 10980K, committed 11008K, reserved 1048576K
}
Event: 19.478 GC heap before
{Heap before GC invocations=38 (full 0):
 garbage-first heap   total 177152K, used 127148K [0x00000000a0000000, 0x0000000100000000)
  region size 1024K, 39 young (39936K), 4 survivors (4096K)
 Metaspace       used 80017K, capacity 82454K, committed 82824K, reserved 1120256K
  class space    used 10385K, capacity 11273K, committed 11392K, reserved 1048576K
}
Event: 19.500 GC heap after
{Heap after GC invocations=39 (full 0):
 garbage-first heap   total 177152K, used 95358K [0x00000000a0000000, 0x0000000100000000)
  region size 1024K, 5 young (5120K), 5 survivors (5120K)
 Metaspace       used 80017K, capacity 82454K, committed 82824K, reserved 1120256K
  class space    used 10385K, capacity 11273K, committed 11392K, reserved 1048576K
}
Event: 20.339 GC heap before
{Heap before GC invocations=40 (full 0):
 garbage-first heap   total 177152K, used 131198K [0x00000000a0000000, 0x0000000100000000)
  region size 1024K, 40 young (40960K), 5 survivors (5120K)
 Metaspace       used 83115K, capacity 85629K, committed 85768K, reserved 1124352K
  class space    used 10829K, capacity 11745K, committed 11776K, reserved 1048576K
}
Event: 20.348 GC heap after
{Heap after GC invocations=41 (full 0):
 garbage-first heap   total 177152K, used 97725K [0x00000000a0000000, 0x0000000100000000)
  region size 1024K, 3 young (3072K), 3 survivors (3072K)
 Metaspace       used 83115K, capacity 85629K, committed 85768K, reserved 1124352K
  class space    used 10829K, capacity 11745K, committed 11776K, reserved 1048576K
}
Event: 21.287 GC heap before
{Heap before GC invocations=41 (full 0):
 garbage-first heap   total 177152K, used 134589K [0x00000000a0000000, 0x0000000100000000)
  region size 1024K, 39 young (39936K), 3 survivors (3072K)
 Metaspace       used 86050K, capacity 88667K, committed 88968K, reserved 1126400K
  class space    used 11169K, capacity 12114K, committed 12160K, reserved 1048576K
}
Event: 21.297 GC heap after
{Heap after GC invocations=42 (full 0):
 garbage-first heap   total 177152K, used 101881K [0x00000000a0000000, 0x0000000100000000)
  region size 1024K, 5 young (5120K), 5 survivors (5120K)
 Metaspace       used 86050K, capacity 88667K, committed 88968K, reserved 1126400K
  class space    used 11169K, capacity 12114K, committed 12160K, reserved 1048576K
}
Event: 22.340 GC heap before
{Heap before GC invocations=43 (full 0):
 garbage-first heap   total 177152K, used 137721K [0x00000000a0000000, 0x0000000100000000)
  region size 1024K, 41 young (41984K), 5 survivors (5120K)
 Metaspace       used 88390K, capacity 91071K, committed 91144K, reserved 1128448K
  class space    used 11533K, capacity 12503K, committed 12544K, reserved 1048576K
}
Event: 22.352 GC heap after
{Heap after GC invocations=44 (full 0):
 garbage-first heap   total 177152K, used 106128K [0x00000000a0000000, 0x0000000100000000)
  region size 1024K, 5 young (5120K), 5 survivors (5120K)
 Metaspace       used 88390K, capacity 91071K, committed 91144K, reserved 1128448K
  class space    used 11533K, capacity 12503K, committed 12544K, reserved 1048576K
}
Event: 23.245 GC heap before
{Heap before GC invocations=44 (full 0):
 garbage-first heap   total 177152K, used 139920K [0x00000000a0000000, 0x0000000100000000)
  region size 1024K, 39 young (39936K), 5 survivors (5120K)
 Metaspace       used 89091K, capacity 91858K, committed 92168K, reserved 1128448K
  class space    used 11665K, capacity 12681K, committed 12800K, reserved 1048576K
}
Event: 23.258 GC heap after
{Heap after GC invocations=45 (full 0):
 garbage-first heap   total 177152K, used 108514K [0x00000000a0000000, 0x0000000100000000)
  region size 1024K, 3 young (3072K), 3 survivors (3072K)
 Metaspace       used 89091K, capacity 91858K, committed 92168K, reserved 1128448K
  class space    used 11665K, capacity 12681K, committed 12800K, reserved 1048576K
}

